<?xml version="1.0" encoding="UTF-8"?>
<testng-results skipped="0" failed="0" total="0" passed="0">
  <reporter-output>
  </reporter-output>
  <suite name="com.globant.tests.taller1.AppTest" duration-ms="3" started-at="2020-03-29T22:25:35Z" finished-at="2020-03-29T22:25:35Z">
    <groups>
    </groups>
    <test name="Command line test" duration-ms="3" started-at="2020-03-29T22:25:35Z" finished-at="2020-03-29T22:25:35Z">
    </test> <!-- Command line test -->
  </suite> <!-- com.globant.tests.taller1.AppTest -->
</testng-results>
